<component name="libraryTable">
  <library name="junit-dataprovider-1.13.1">
    <CLASSES>
      <root url="jar://F:/maven/Repository/com/tngtech/java/junit-dataprovider/1.13.1/junit-dataprovider-1.13.1.jar!/" />
    </CLASSES>
    <JAVADOC />
    <SOURCES />
  </library>
</component>